{
  "stats": {
    "suites": 0,
    "tests": 1,
    "passes": 0,
    "pending": 0,
    "failures": 1,
    "start": "2021-01-29T23:20:48.805Z",
    "end": "2021-01-29T23:21:05.632Z",
    "duration": 16827,
    "testsRegistered": 1,
    "passPercent": 0,
    "pendingPercent": 0,
    "other": 0,
    "hasOther": false,
    "skipped": 0,
    "hasSkipped": false
  },
  "results": [
    {
      "uuid": "97208f6f-1064-4b63-9c4c-4726c4454d49",
      "title": "",
      "fullFile": "cypress\\integration\\tracktik\\Zensurance Test 2.txt",
      "file": "cypress\\integration\\tracktik\\Zensurance Test 2.txt",
      "beforeHooks": [],
      "afterHooks": [],
      "tests": [
        {
          "title": "A user enters an invalid email address, and the user is unable to proceed to the next page",
          "fullTitle": "A user enters an invalid email address, and the user is unable to proceed to the next page",
          "timedOut": null,
          "duration": 12821,
          "state": "failed",
          "speed": null,
          "pass": false,
          "fail": true,
          "pending": false,
          "context": "{\n  \"title\": \"Failed screenshot\",\n  \"value\": \"screenshots\\\\tracktik\\\\Zensurance Test 2.txt\\\\A user enters an invalid email address, and the user is unable to proceed to the next page (failed).png\"\n}",
          "code": "//Visit the Demo QA Website\ncy.visit(\"https://app.zensurance.com/quote\");\n\n//Enter the search criteria for the field 'Industry' as cons\ncy.get('.sc-hMqMXs').type('cons');\n//Ensure that the item Construction contractors is displayed in search result\ncy.get('#main-content').find('ul').contains('Construction contractors');\n//Ensure that the item General Contractor, Subcontractor is displayed in search result\ncy.get('#main-content').find('ul').contains('General Contractor, Subcontractor');\n//Click on the first search result\ncy.get('#main-content').find('ul').contains('Construction contractors').click();\n\n// Select $70000 from the Revenue Slider\ncy.get('[style=\"left: 18.3673%; background-color: rgb(255, 255, 255); border: 0px; bottom: -6px;\"]').click();\n\n//Assert text value displayed on slider. \ncy.get('#hook-revenueLastFinancialYear > .px-5').should('contain.text', '$70,000');\n//Select Yes for Was all your Gross Revenue from Canada?\ncy.get('[for=\"revenueLastFinancialYearFromCanadayes\"] > .sc-kgoBCf').click();\n//Click on the next button\ncy.get('[data-testid=next-button]').click();\n\n//Select $90000 from the Revenue Slider\ncy.get('[style=\"left: 18.3673%; background-color: rgb(255, 255, 255); border: 0px; bottom: -6px;\"]').click()\n//Select Yes for Was all your Gross Revenue from Canada?\ncy.get('[for=\"projectedRevenueCurrentFinancialYearFromCanadayes\"] > .sc-kgoBCf').click();\n//Click on the next button\ncy.get('[data-testid=next-button]').click();\n//Enter Invalid Email Address\ncy.get('.sc-hMqMXs').type('asdf@u4fb2');\n//Click on the next button\ncy.get('[data-testid=next-button]').click();\n//Ensure that the error message 'Please enter a valid email address (ex: john@example.com)' is displayed\ncy.get('.text-xs').should('have.text','Please enter a valid email address (ex: john@example.com)')\n//Ensure that the error message 'There are a few errors above' is displayed\ncy.get('[data-comp=error-wrapper]').should('have.text','There are a few errors above')",
          "err": {
            "message": "AssertionError: Timed out retrying after 4000ms: Expected to find element: `.sc-hMqMXs`, but never found it.",
            "estack": "AssertionError: Timed out retrying after 4000ms: Expected to find element: `.sc-hMqMXs`, but never found it.\n    at Context.eval (https://app.zensurance.com/__cypress/tests?p=cypress\\integration\\tracktik\\Zensurance%20Test%202.txt:104:8)",
            "diff": null
          },
          "uuid": "bc5d169c-6030-47c3-89ca-8dd1c6630236",
          "parentUUID": "97208f6f-1064-4b63-9c4c-4726c4454d49",
          "isHook": false,
          "skipped": false
        }
      ],
      "suites": [],
      "passes": [],
      "failures": [
        "bc5d169c-6030-47c3-89ca-8dd1c6630236"
      ],
      "pending": [],
      "skipped": [],
      "duration": 12821,
      "root": true,
      "rootEmpty": false,
      "_timeout": 2000
    }
  ],
  "meta": {
    "mocha": {
      "version": "7.0.1"
    },
    "mochawesome": {
      "options": {
        "quiet": false,
        "reportFilename": "mochawesome",
        "saveHtml": false,
        "saveJson": true,
        "consoleReporter": "spec",
        "useInlineDiffs": false,
        "code": true
      },
      "version": "6.2.1"
    },
    "marge": {
      "options": {
        "overwrite": false,
        "html": false,
        "json": true
      },
      "version": "5.1.0"
    }
  }
}