{
  "stats": {
    "suites": 0,
    "tests": 1,
    "passes": 0,
    "pending": 0,
    "failures": 1,
    "start": "2021-01-29T23:33:05.009Z",
    "end": "2021-01-29T23:33:20.561Z",
    "duration": 15552,
    "testsRegistered": 1,
    "passPercent": 0,
    "pendingPercent": 0,
    "other": 0,
    "hasOther": false,
    "skipped": 0,
    "hasSkipped": false
  },
  "results": [
    {
      "uuid": "4eaffed8-fcfa-4108-8931-e892ff353454",
      "title": "",
      "fullFile": "cypress\\integration\\tracktik\\Zensurance Test 2.js",
      "file": "cypress\\integration\\tracktik\\Zensurance Test 2.js",
      "beforeHooks": [],
      "afterHooks": [],
      "tests": [
        {
          "title": "A user enters an invalid email address, and the user is unable to proceed to the next page",
          "fullTitle": "A user enters an invalid email address, and the user is unable to proceed to the next page",
          "timedOut": null,
          "duration": 12398,
          "state": "failed",
          "speed": null,
          "pass": false,
          "fail": true,
          "pending": false,
          "context": "{\n  \"title\": \"Failed screenshot\",\n  \"value\": \"screenshots\\\\tracktik\\\\Zensurance Test 2.js\\\\A user enters an invalid email address, and the user is unable to proceed to the next page (failed).png\"\n}",
          "code": "//Visit the Demo QA Website\ncy.visit(\"https://app.zensurance.com/quote\"); //Enter the search criteria for the field 'Industry' as cons\ncy.get('.sc-hMqMXs').type('cons'); //Ensure that the item Construction contractors is displayed in search result\ncy.get('#main-content').find('ul').contains('Construction contractors'); //Ensure that the item General Contractor, Subcontractor is displayed in search result\ncy.get('#main-content').find('ul').contains('General Contractor, Subcontractor'); //Click on the first search result\ncy.get('#main-content').find('ul').contains('Construction contractors').click(); // Select $70000 from the Revenue Slider\ncy.get('[style=\"left: 18.3673%; background-color: rgb(255, 255, 255); border: 0px; bottom: -6px;\"]').click(); //Assert text value displayed on slider. \ncy.get('#hook-revenueLastFinancialYear > .px-5').should('contain.text', '$70,000'); //Select Yes for Was all your Gross Revenue from Canada?\ncy.get('[for=\"revenueLastFinancialYearFromCanadayes\"] > .sc-kgoBCf').click(); //Click on the next button\ncy.get('[data-testid=next-button]').click(); //Select $90000 from the Revenue Slider\ncy.get('[style=\"left: 18.3673%; background-color: rgb(255, 255, 255); border: 0px; bottom: -6px;\"]').click(); //Select Yes for Was all your Gross Revenue from Canada?\ncy.get('[for=\"projectedRevenueCurrentFinancialYearFromCanadayes\"] > .sc-kgoBCf').click(); //Click on the next button\ncy.get('[data-testid=next-button]').click(); //Enter Invalid Email Address\ncy.get('.sc-hMqMXs').type('asdf@u4fb2'); //Click on the next button\ncy.get('[data-testid=next-button]').click(); //Ensure that the error message 'Please enter a valid email address (ex: john@example.com)' is displayed\ncy.get('.text-xs').should('have.text', 'Please enter a valid email address (ex: john@example.com)'); //Ensure that the error message 'There are a few errors above' is displayed\ncy.get('[data-comp=error-wrapper]').should('have.text', 'There are a few errors above');",
          "err": {
            "message": "AssertionError: Timed out retrying after 4000ms: Expected to find element: `.sc-hMqMXs`, but never found it.",
            "estack": "AssertionError: Timed out retrying after 4000ms: Expected to find element: `.sc-hMqMXs`, but never found it.\n    at Context.eval (https://app.zensurance.com/__cypress/tests?p=cypress\\integration\\tracktik\\Zensurance%20Test%202.js:104:6)",
            "diff": null
          },
          "uuid": "343b628b-bbe3-4fb2-8d4f-e7aa3a07fa6f",
          "parentUUID": "4eaffed8-fcfa-4108-8931-e892ff353454",
          "isHook": false,
          "skipped": false
        }
      ],
      "suites": [],
      "passes": [],
      "failures": [
        "343b628b-bbe3-4fb2-8d4f-e7aa3a07fa6f"
      ],
      "pending": [],
      "skipped": [],
      "duration": 12398,
      "root": true,
      "rootEmpty": false,
      "_timeout": 2000
    }
  ],
  "meta": {
    "mocha": {
      "version": "7.0.1"
    },
    "mochawesome": {
      "options": {
        "quiet": false,
        "reportFilename": "mochawesome",
        "saveHtml": false,
        "saveJson": true,
        "consoleReporter": "spec",
        "useInlineDiffs": false,
        "code": true
      },
      "version": "6.2.1"
    },
    "marge": {
      "options": {
        "overwrite": false,
        "html": false,
        "json": true
      },
      "version": "5.1.0"
    }
  }
}