{
  "stats": {
    "suites": 2,
    "tests": 6,
    "passes": 6,
    "pending": 0,
    "failures": 0,
    "start": "2021-01-30T03:03:38.556Z",
    "end": "2021-01-30T03:03:48.891Z",
    "duration": 10335,
    "testsRegistered": 6,
    "passPercent": 100,
    "pendingPercent": 0,
    "other": 0,
    "hasOther": false,
    "skipped": 0,
    "hasSkipped": false
  },
  "results": [
    {
      "uuid": "e99bf693-7b11-4077-8414-db1d1f10307c",
      "title": "",
      "fullFile": "cypress\\integration\\examples\\misc.spec.js",
      "file": "cypress\\integration\\examples\\misc.spec.js",
      "beforeHooks": [],
      "afterHooks": [],
      "tests": [],
      "suites": [
        {
          "uuid": "93c9c63b-6ffa-4230-8d90-64f6fbcc6689",
          "title": "Misc",
          "fullFile": "",
          "file": "",
          "beforeHooks": [],
          "afterHooks": [],
          "tests": [
            {
              "title": ".end() - end the command chain",
              "fullTitle": "Misc .end() - end the command chain",
              "timedOut": null,
              "duration": 1333,
              "state": "passed",
              "speed": "slow",
              "pass": true,
              "fail": false,
              "pending": false,
              "context": null,
              "code": "// https://on.cypress.io/end\n// cy.end is useful when you want to end a chain of commands\n// and force Cypress to re-query from the root element\ncy.get('.misc-table').within(function () {\n  // ends the current chain and yields null\n  cy.contains('Cheryl').click().end(); // queries the entire table again\n  cy.contains('Charles').click();\n});",
              "err": {},
              "uuid": "4cf6759a-9ea5-4fdb-a58f-50d3ff79f347",
              "parentUUID": "93c9c63b-6ffa-4230-8d90-64f6fbcc6689",
              "isHook": false,
              "skipped": false
            },
            {
              "title": "cy.exec() - execute a system command",
              "fullTitle": "Misc cy.exec() - execute a system command",
              "timedOut": null,
              "duration": 923,
              "state": "passed",
              "speed": "slow",
              "pass": true,
              "fail": false,
              "pending": false,
              "context": null,
              "code": "// execute a system command.\n// so you can take actions necessary for\n// your test outside the scope of Cypress.\n// https://on.cypress.io/exec\n// we can use Cypress.platform string to\n// select appropriate command\n// https://on.cypress/io/platform\ncy.log(\"Platform \".concat(Cypress.platform, \" architecture \").concat(Cypress.arch)); // on CircleCI Windows build machines we have a failure to run bash shell\n// https://github.com/cypress-io/cypress/issues/5169\n// so skip some of the tests by passing flag \"--env circle=true\"\nvar isCircleOnWindows = Cypress.platform === 'win32' && Cypress.env('circle');\nif (isCircleOnWindows) {\n  cy.log('Skipping test on CircleCI');\n  return;\n} // cy.exec problem on Shippable CI\n// https://github.com/cypress-io/cypress/issues/6718\n\nvar isShippable = Cypress.platform === 'linux' && Cypress.env('shippable');\nif (isShippable) {\n  cy.log('Skipping test on ShippableCI');\n  return;\n}\ncy.exec('echo Jane Lane').its('stdout').should('contain', 'Jane Lane');\nif (Cypress.platform === 'win32') {\n  cy.exec('print cypress.json').its('stderr').should('be.empty');\n} else {\n  cy.exec('cat cypress.json').its('stderr').should('be.empty');\n  cy.exec('pwd').its('code').should('eq', 0);\n}",
              "err": {},
              "uuid": "4c267873-0b11-4aa5-b365-fa637b34304f",
              "parentUUID": "93c9c63b-6ffa-4230-8d90-64f6fbcc6689",
              "isHook": false,
              "skipped": false
            },
            {
              "title": "cy.focused() - get the DOM element that has focus",
              "fullTitle": "Misc cy.focused() - get the DOM element that has focus",
              "timedOut": null,
              "duration": 887,
              "state": "passed",
              "speed": "slow",
              "pass": true,
              "fail": false,
              "pending": false,
              "context": null,
              "code": "// https://on.cypress.io/focused\ncy.get('.misc-form').find('#name').click();\ncy.focused().should('have.id', 'name');\ncy.get('.misc-form').find('#description').click();\ncy.focused().should('have.id', 'description');",
              "err": {},
              "uuid": "85e17e20-af91-463f-8cda-801d4040a633",
              "parentUUID": "93c9c63b-6ffa-4230-8d90-64f6fbcc6689",
              "isHook": false,
              "skipped": false
            },
            {
              "title": "cy.wrap() - wrap an object",
              "fullTitle": "Misc cy.wrap() - wrap an object",
              "timedOut": null,
              "duration": 261,
              "state": "passed",
              "speed": "slow",
              "pass": true,
              "fail": false,
              "pending": false,
              "context": null,
              "code": "// https://on.cypress.io/wrap\ncy.wrap({\n  foo: 'bar'\n}).should('have.property', 'foo').and('include', 'bar');",
              "err": {},
              "uuid": "ae9727a3-9a3b-408c-87a9-a0f4f9ebcfb9",
              "parentUUID": "93c9c63b-6ffa-4230-8d90-64f6fbcc6689",
              "isHook": false,
              "skipped": false
            }
          ],
          "suites": [
            {
              "uuid": "8b628e22-3cde-48c8-8b44-6a612e72b8a8",
              "title": "Cypress.Screenshot",
              "fullFile": "",
              "file": "",
              "beforeHooks": [],
              "afterHooks": [],
              "tests": [
                {
                  "title": "cy.screenshot() - take a screenshot",
                  "fullTitle": "Misc Cypress.Screenshot cy.screenshot() - take a screenshot",
                  "timedOut": null,
                  "duration": 3849,
                  "state": "passed",
                  "speed": "slow",
                  "pass": true,
                  "fail": false,
                  "pending": false,
                  "context": "{\n  \"title\": \"Screenshot\",\n  \"value\": \"screenshots\\\\examples\\\\misc.spec.js\\\\my-image.png\"\n}",
                  "code": "// https://on.cypress.io/screenshot\ncy.screenshot('my-image');",
                  "err": {},
                  "uuid": "3f74e326-9fc1-45cf-8f0a-e6bae558285d",
                  "parentUUID": "8b628e22-3cde-48c8-8b44-6a612e72b8a8",
                  "isHook": false,
                  "skipped": false
                },
                {
                  "title": "Cypress.Screenshot.defaults() - change default config of screenshots",
                  "fullTitle": "Misc Cypress.Screenshot Cypress.Screenshot.defaults() - change default config of screenshots",
                  "timedOut": null,
                  "duration": 425,
                  "state": "passed",
                  "speed": "slow",
                  "pass": true,
                  "fail": false,
                  "pending": false,
                  "context": null,
                  "code": "Cypress.Screenshot.defaults({\n  blackout: ['.foo'],\n  capture: 'viewport',\n  clip: {\n    x: 0,\n    y: 0,\n    width: 200,\n    height: 200\n  },\n  scale: false,\n  disableTimersAndAnimations: true,\n  screenshotOnRunFailure: true,\n  onBeforeScreenshot: function onBeforeScreenshot() {},\n  onAfterScreenshot: function onAfterScreenshot() {}\n});",
                  "err": {},
                  "uuid": "cc1be80e-fd47-4208-b6ca-ce156385d1d7",
                  "parentUUID": "8b628e22-3cde-48c8-8b44-6a612e72b8a8",
                  "isHook": false,
                  "skipped": false
                }
              ],
              "suites": [],
              "passes": [
                "3f74e326-9fc1-45cf-8f0a-e6bae558285d",
                "cc1be80e-fd47-4208-b6ca-ce156385d1d7"
              ],
              "failures": [],
              "pending": [],
              "skipped": [],
              "duration": 4274,
              "root": false,
              "rootEmpty": false,
              "_timeout": 2000
            }
          ],
          "passes": [
            "4cf6759a-9ea5-4fdb-a58f-50d3ff79f347",
            "4c267873-0b11-4aa5-b365-fa637b34304f",
            "85e17e20-af91-463f-8cda-801d4040a633",
            "ae9727a3-9a3b-408c-87a9-a0f4f9ebcfb9"
          ],
          "failures": [],
          "pending": [],
          "skipped": [],
          "duration": 3404,
          "root": false,
          "rootEmpty": false,
          "_timeout": 2000
        }
      ],
      "passes": [],
      "failures": [],
      "pending": [],
      "skipped": [],
      "duration": 0,
      "root": true,
      "rootEmpty": true,
      "_timeout": 2000
    }
  ],
  "meta": {
    "mocha": {
      "version": "7.0.1"
    },
    "mochawesome": {
      "options": {
        "quiet": false,
        "reportFilename": "mochawesome",
        "saveHtml": false,
        "saveJson": true,
        "consoleReporter": "spec",
        "useInlineDiffs": false,
        "code": true
      },
      "version": "6.2.1"
    },
    "marge": {
      "options": {
        "overwrite": false,
        "html": false,
        "json": true
      },
      "version": "5.1.0"
    }
  }
}